<?xml version="1.0" encoding="UTF-8"?>
<!-- Generated by org.testng.reporters.JUnitXMLReporter -->
<testsuite hostname="f45c899d4237" ignored="1" name="Default test" tests="1" failures="0" timestamp="27 Oct 2018 07:02:27 GMT" time="22.543" errors="0">
  <testcase name="validateSignInFunctionality" time="5.8" classname="testScripts.SignInTestCases"/>
  <testcase name="validateNegativeSignInScenarios" time="0.0" classname="testScripts.SignInTestCases">
    <ignored/>
  </testcase> <!-- validateNegativeSignInScenarios -->
</testsuite> <!-- Default test -->
