<?xml version="1.0" encoding="UTF-8"?>
<!-- Generated by org.testng.reporters.JUnitXMLReporter -->
<testsuite hostname="f45c899d4237" ignored="2" name="Test" tests="8" failures="8" timestamp="02 Nov 2018 02:13:22 GMT" time="0.047" errors="0">
  <testcase name="validateNegativeSignInScenarios" time="0.007" classname="testScripts.SignInTestCases">
    <failure type="java.lang.NullPointerException">
      <![CDATA[java.lang.NullPointerException
	at testScripts.SignInTestCases.validateNegativeSignInScenarios(SignInTestCases.java:72)
... Removed 25 stack frames]]>
    </failure>
  </testcase> <!-- validateNegativeSignInScenarios -->
  <testcase name="validateNegativeSignInScenarios" time="0.001" classname="testScripts.SignInTestCases">
    <failure type="java.lang.NullPointerException">
      <![CDATA[java.lang.NullPointerException
	at testScripts.SignInTestCases.validateNegativeSignInScenarios(SignInTestCases.java:72)
... Removed 25 stack frames]]>
    </failure>
  </testcase> <!-- validateNegativeSignInScenarios -->
  <testcase name="validateNegativeSignInScenarios" time="0.001" classname="testScripts.SignInTestCases">
    <failure type="java.lang.NullPointerException">
      <![CDATA[java.lang.NullPointerException
	at testScripts.SignInTestCases.validateNegativeSignInScenarios(SignInTestCases.java:72)
... Removed 25 stack frames]]>
    </failure>
  </testcase> <!-- validateNegativeSignInScenarios -->
  <testcase name="validateNegativeSignInScenarios" time="0.001" classname="testScripts.SignInTestCases">
    <failure type="java.lang.NullPointerException">
      <![CDATA[java.lang.NullPointerException
	at testScripts.SignInTestCases.validateNegativeSignInScenarios(SignInTestCases.java:72)
... Removed 25 stack frames]]>
    </failure>
  </testcase> <!-- validateNegativeSignInScenarios -->
  <testcase name="validateNegativeSignInScenarios" time="0.001" classname="testScripts.SignInTestCases">
    <failure type="java.lang.NullPointerException">
      <![CDATA[java.lang.NullPointerException
	at testScripts.SignInTestCases.validateNegativeSignInScenarios(SignInTestCases.java:72)
... Removed 25 stack frames]]>
    </failure>
  </testcase> <!-- validateNegativeSignInScenarios -->
  <testcase name="validateNegativeSignInScenarios" time="0.001" classname="testScripts.SignInTestCases">
    <failure type="java.lang.NullPointerException">
      <![CDATA[java.lang.NullPointerException
	at testScripts.SignInTestCases.validateNegativeSignInScenarios(SignInTestCases.java:72)
... Removed 25 stack frames]]>
    </failure>
  </testcase> <!-- validateNegativeSignInScenarios -->
  <testcase name="validateNegativeSignInScenarios" time="0.001" classname="testScripts.SignInTestCases">
    <failure type="java.lang.NullPointerException">
      <![CDATA[java.lang.NullPointerException
	at testScripts.SignInTestCases.validateNegativeSignInScenarios(SignInTestCases.java:72)
... Removed 25 stack frames]]>
    </failure>
  </testcase> <!-- validateNegativeSignInScenarios -->
  <testcase name="validateSignInFunctionality" time="0.001" classname="testScripts.SignInTestCases">
    <failure type="java.lang.NullPointerException">
      <![CDATA[java.lang.NullPointerException
	at testScripts.SignInTestCases.validateSignInFunctionality(SignInTestCases.java:54)
... Removed 25 stack frames]]>
    </failure>
  </testcase> <!-- validateSignInFunctionality -->
  <testcase name="validatingEditProfileFunctionality" time="0.0" classname="testScripts.ProfileTestCases">
    <ignored/>
  </testcase> <!-- validatingEditProfileFunctionality -->
  <testcase name="placeOrder" time="0.0" classname="testScripts.OrderSubmitTestCases">
    <ignored/>
  </testcase> <!-- placeOrder -->
</testsuite> <!-- Test -->
